<?xml version="1.0" encoding="UTF-8"?>
<!-- Generated by org.testng.reporters.JUnitReportReporter -->
<testsuite hostname="DESKTOP-075KU79" failures="0" tests="2" name="co.harvey.tests.HomePageTest" time="56.590" errors="0" timestamp="2024-08-02T10:40:07 IST" skipped="1">
  <testcase classname="co.harvey.tests.HomePageTest" name="searchProduct" time="56.590"/>
  <system-out>
    <![CDATA[20results are displayed.]]>
  </system-out>
  <testcase classname="co.harvey.tests.HomePageTest" name="testHomePage">
    <skipped/>
  </testcase> <!-- testHomePage -->
  <system-out/>
</testsuite> <!-- co.harvey.tests.HomePageTest -->
